#-----------------------------------------------------------
# Vivado v2018.3 (64-bit)
# SW Build 2405991 on Thu Dec  6 23:36:41 MST 2018
# IP Build 2404404 on Fri Dec  7 01:43:56 MST 2018
# Start of session at: Thu May 19 20:09:49 2022
# Process ID: 8763
# Current directory: /home/quangnd12/Migen/fpga_lab/lab1/s005/build
# Command line: vivado -mode batch -source top.tcl
# Log file: /home/quangnd12/Migen/fpga_lab/lab1/s005/build/vivado.log
# Journal file: /home/quangnd12/Migen/fpga_lab/lab1/s005/build/vivado.jou
#-----------------------------------------------------------
source top.tcl
# create_project -force -name top -part xc7k325tffg900-2
# set_msg_config -id {Common 17-55} -new_severity {Warning}
# read_verilog {/home/quangnd12/Migen/fpga_lab/lab1/s005/build/top.v}
# read_xdc top.xdc
# set_property PROCESSING_ORDER EARLY [get_files top.xdc]
# synth_design -directive default -top top -part xc7k325tffg900-2
Command: synth_design -directive default -top top -part xc7k325tffg900-2
Starting synth_design
Attempting to get a license for feature 'Synthesis' and/or device 'xc7k325t'
INFO: [Common 17-349] Got license for feature 'Synthesis' and/or device 'xc7k325t'
INFO: [Common 17-1223] The version limit for your license is '2022.05' and will expire in 12 days. A version limit expiration means that, although you may be able to continue to use the current version of tools or IP with this license, you will not be eligible for any updates or new releases.
INFO: Launching helper process for spawning children vivado processes
INFO: Helper process launched with PID 8784 
---------------------------------------------------------------------------------
Starting RTL Elaboration : Time (s): cpu = 00:00:03 ; elapsed = 00:00:04 . Memory (MB): peak = 1398.531 ; gain = 77.000 ; free physical = 466 ; free virtual = 7687
---------------------------------------------------------------------------------
INFO: [Synth 8-6157] synthesizing module 'top' [/home/quangnd12/Migen/fpga_lab/lab1/s005/build/top.v:20]
INFO: [Synth 8-5534] Detected attribute (* dont_touch = "true" *) [/home/quangnd12/Migen/fpga_lab/lab1/s005/build/top.v:24]
INFO: [Synth 8-6155] done synthesizing module 'top' (1#1) [/home/quangnd12/Migen/fpga_lab/lab1/s005/build/top.v:20]
---------------------------------------------------------------------------------
Finished RTL Elaboration : Time (s): cpu = 00:00:04 ; elapsed = 00:00:05 . Memory (MB): peak = 1443.281 ; gain = 121.750 ; free physical = 478 ; free virtual = 7699
---------------------------------------------------------------------------------

Report Check Netlist: 
+------+------------------+-------+---------+-------+------------------+
|      |Item              |Errors |Warnings |Status |Description       |
+------+------------------+-------+---------+-------+------------------+
|1     |multi_driven_nets |      0|        0|Passed |Multi driven nets |
+------+------------------+-------+---------+-------+------------------+
---------------------------------------------------------------------------------
Start Handling Custom Attributes
---------------------------------------------------------------------------------
---------------------------------------------------------------------------------
Finished Handling Custom Attributes : Time (s): cpu = 00:00:05 ; elapsed = 00:00:06 . Memory (MB): peak = 1443.281 ; gain = 121.750 ; free physical = 478 ; free virtual = 7699
---------------------------------------------------------------------------------
---------------------------------------------------------------------------------
Finished RTL Optimization Phase 1 : Time (s): cpu = 00:00:05 ; elapsed = 00:00:06 . Memory (MB): peak = 1443.281 ; gain = 121.750 ; free physical = 476 ; free virtual = 7699
---------------------------------------------------------------------------------
INFO: [Device 21-403] Loading part xc7k325tffg900-2
INFO: [Project 1-570] Preparing netlist for logic optimization

Processing XDC Constraints
Initializing timing engine
Parsing XDC File [/home/quangnd12/Migen/fpga_lab/lab1/s005/build/top.xdc]
WARNING: [Vivado 12-1023] No nets matched for command 'get_nets -hierarchical -filter {mr_ff == TRUE}'. [/home/quangnd12/Migen/fpga_lab/lab1/s005/build/top.xdc:36]
WARNING: [Vivado 12-180] No cells matched 'get_cells -hierarchical -filter {ars_ff1 == TRUE || ars_ff2 == TRUE}'. [/home/quangnd12/Migen/fpga_lab/lab1/s005/build/top.xdc:38]
WARNING: [Vivado 12-508] No pins matched 'get_pins -filter {REF_PIN_NAME == PRE} -of_objects [get_cells -hierarchical -filter {ars_ff1 == TRUE || ars_ff2 == TRUE}]'. [/home/quangnd12/Migen/fpga_lab/lab1/s005/build/top.xdc:38]
WARNING: [Vivado 12-180] No cells matched 'get_cells -hierarchical -filter {ars_ff1 == TRUE}'. [/home/quangnd12/Migen/fpga_lab/lab1/s005/build/top.xdc:40]
WARNING: [Vivado 12-508] No pins matched 'get_pins -filter {REF_PIN_NAME == C} -of_objects [get_cells -hierarchical -filter {ars_ff1 == TRUE}]'. [/home/quangnd12/Migen/fpga_lab/lab1/s005/build/top.xdc:40]
WARNING: [Vivado 12-180] No cells matched 'get_cells -hierarchical -filter {ars_ff2 == TRUE}'. [/home/quangnd12/Migen/fpga_lab/lab1/s005/build/top.xdc:40]
WARNING: [Vivado 12-508] No pins matched 'get_pins -filter {REF_PIN_NAME == D} -of_objects [get_cells -hierarchical -filter {ars_ff2 == TRUE}]'. [/home/quangnd12/Migen/fpga_lab/lab1/s005/build/top.xdc:40]
Finished Parsing XDC File [/home/quangnd12/Migen/fpga_lab/lab1/s005/build/top.xdc]
INFO: [Project 1-236] Implementation specific constraints were found while reading constraint file [/home/quangnd12/Migen/fpga_lab/lab1/s005/build/top.xdc]. These constraints will be ignored for synthesis but will be used in implementation. Impacted constraints are listed in the file [.Xil/top_propImpl.xdc].
Resolution: To avoid this warning, move constraints listed in [.Xil/top_propImpl.xdc] to another XDC file and exclude this new file from synthesis with the used_in_synthesis property (File Properties dialog in GUI) and re-run elaboration/synthesis.
Netlist sorting complete. Time (s): cpu = 00:00:00 ; elapsed = 00:00:00 . Memory (MB): peak = 1840.484 ; gain = 0.000 ; free physical = 124 ; free virtual = 7071
Completed Processing XDC Constraints

Netlist sorting complete. Time (s): cpu = 00:00:00 ; elapsed = 00:00:00 . Memory (MB): peak = 1840.484 ; gain = 0.000 ; free physical = 124 ; free virtual = 7071
INFO: [Project 1-111] Unisim Transformation Summary:
No Unisim elements were transformed.

Netlist sorting complete. Time (s): cpu = 00:00:00 ; elapsed = 00:00:00 . Memory (MB): peak = 1840.484 ; gain = 0.000 ; free physical = 119 ; free virtual = 7070
Constraint Validation Runtime : Time (s): cpu = 00:00:00 ; elapsed = 00:00:00.01 . Memory (MB): peak = 1840.484 ; gain = 0.000 ; free physical = 119 ; free virtual = 7070
---------------------------------------------------------------------------------
Finished Constraint Validation : Time (s): cpu = 00:00:18 ; elapsed = 00:00:22 . Memory (MB): peak = 1840.484 ; gain = 518.953 ; free physical = 234 ; free virtual = 7165
---------------------------------------------------------------------------------
---------------------------------------------------------------------------------
Start Loading Part and Timing Information
---------------------------------------------------------------------------------
Loading part: xc7k325tffg900-2
---------------------------------------------------------------------------------
Finished Loading Part and Timing Information : Time (s): cpu = 00:00:18 ; elapsed = 00:00:22 . Memory (MB): peak = 1840.484 ; gain = 518.953 ; free physical = 234 ; free virtual = 7165
---------------------------------------------------------------------------------
---------------------------------------------------------------------------------
Start Applying 'set_property' XDC Constraints
---------------------------------------------------------------------------------
---------------------------------------------------------------------------------
Finished applying 'set_property' XDC Constraints : Time (s): cpu = 00:00:18 ; elapsed = 00:00:22 . Memory (MB): peak = 1840.484 ; gain = 518.953 ; free physical = 222 ; free virtual = 7162
---------------------------------------------------------------------------------
INFO: [Synth 8-5545] ROM "__main___blink_r_counter" won't be mapped to RAM because address size (32) is larger than maximum supported(25)
INFO: [Synth 8-5545] ROM "user_rgb_led_r" won't be mapped to RAM because address size (32) is larger than maximum supported(25)
INFO: [Synth 8-5545] ROM "__main___blink_g_counter" won't be mapped to RAM because address size (32) is larger than maximum supported(25)
INFO: [Synth 8-5545] ROM "user_rgb_led_g" won't be mapped to RAM because address size (32) is larger than maximum supported(25)
INFO: [Synth 8-5545] ROM "__main___blink_b_counter" won't be mapped to RAM because address size (32) is larger than maximum supported(25)
INFO: [Synth 8-5545] ROM "user_rgb_led_b" won't be mapped to RAM because address size (32) is larger than maximum supported(25)
---------------------------------------------------------------------------------
Finished RTL Optimization Phase 2 : Time (s): cpu = 00:00:19 ; elapsed = 00:00:23 . Memory (MB): peak = 1840.484 ; gain = 518.953 ; free physical = 196 ; free virtual = 7137
---------------------------------------------------------------------------------

Report RTL Partitions: 
+-+--------------+------------+----------+
| |RTL Partition |Replication |Instances |
+-+--------------+------------+----------+
+-+--------------+------------+----------+
---------------------------------------------------------------------------------
Start RTL Component Statistics 
---------------------------------------------------------------------------------
Detailed RTL Component Info : 
+---Adders : 
	   2 Input     32 Bit       Adders := 3     
+---Registers : 
	               32 Bit    Registers := 3     
	                1 Bit    Registers := 4     
+---Muxes : 
	   2 Input     32 Bit        Muxes := 3     
	   2 Input      1 Bit        Muxes := 3     
---------------------------------------------------------------------------------
Finished RTL Component Statistics 
---------------------------------------------------------------------------------
---------------------------------------------------------------------------------
Start RTL Hierarchical Component Statistics 
---------------------------------------------------------------------------------
Hierarchical RTL Component report 
Module top 
Detailed RTL Component Info : 
+---Adders : 
	   2 Input     32 Bit       Adders := 3     
+---Registers : 
	               32 Bit    Registers := 3     
	                1 Bit    Registers := 4     
+---Muxes : 
	   2 Input     32 Bit        Muxes := 3     
	   2 Input      1 Bit        Muxes := 3     
---------------------------------------------------------------------------------
Finished RTL Hierarchical Component Statistics
---------------------------------------------------------------------------------
---------------------------------------------------------------------------------
Start Part Resource Summary
---------------------------------------------------------------------------------
Part Resources:
DSPs: 840 (col length:140)
BRAMs: 890 (col length: RAMB18 140 RAMB36 70)
---------------------------------------------------------------------------------
Finished Part Resource Summary
---------------------------------------------------------------------------------
---------------------------------------------------------------------------------
Start Cross Boundary and Area Optimization
---------------------------------------------------------------------------------
Warning: Parallel synthesis criteria is not met 
INFO: [Synth 8-5545] ROM "__main___blink_r_counter" won't be mapped to RAM because address size (32) is larger than maximum supported(25)
INFO: [Synth 8-5545] ROM "user_rgb_led_r" won't be mapped to RAM because address size (32) is larger than maximum supported(25)
INFO: [Synth 8-5545] ROM "__main___blink_g_counter" won't be mapped to RAM because address size (32) is larger than maximum supported(25)
INFO: [Synth 8-5545] ROM "user_rgb_led_g" won't be mapped to RAM because address size (32) is larger than maximum supported(25)
INFO: [Synth 8-5545] ROM "__main___blink_b_counter" won't be mapped to RAM because address size (32) is larger than maximum supported(25)
INFO: [Synth 8-5545] ROM "user_rgb_led_b" won't be mapped to RAM because address size (32) is larger than maximum supported(25)
---------------------------------------------------------------------------------
Finished Cross Boundary and Area Optimization : Time (s): cpu = 00:00:21 ; elapsed = 00:00:25 . Memory (MB): peak = 1840.484 ; gain = 518.953 ; free physical = 294 ; free virtual = 7231
---------------------------------------------------------------------------------

Report RTL Partitions: 
+-+--------------+------------+----------+
| |RTL Partition |Replication |Instances |
+-+--------------+------------+----------+
+-+--------------+------------+----------+
---------------------------------------------------------------------------------
Start Applying XDC Timing Constraints
---------------------------------------------------------------------------------
---------------------------------------------------------------------------------
Finished Applying XDC Timing Constraints : Time (s): cpu = 00:00:30 ; elapsed = 00:00:35 . Memory (MB): peak = 1840.484 ; gain = 518.953 ; free physical = 132 ; free virtual = 6863
---------------------------------------------------------------------------------
---------------------------------------------------------------------------------
Start Timing Optimization
---------------------------------------------------------------------------------
---------------------------------------------------------------------------------
Finished Timing Optimization : Time (s): cpu = 00:00:30 ; elapsed = 00:00:35 . Memory (MB): peak = 1840.484 ; gain = 518.953 ; free physical = 129 ; free virtual = 6783
---------------------------------------------------------------------------------

Report RTL Partitions: 
+-+--------------+------------+----------+
| |RTL Partition |Replication |Instances |
+-+--------------+------------+----------+
+-+--------------+------------+----------+
---------------------------------------------------------------------------------
Start Technology Mapping
---------------------------------------------------------------------------------
---------------------------------------------------------------------------------
Finished Technology Mapping : Time (s): cpu = 00:00:30 ; elapsed = 00:00:35 . Memory (MB): peak = 1840.484 ; gain = 518.953 ; free physical = 142 ; free virtual = 6775
---------------------------------------------------------------------------------

Report RTL Partitions: 
+-+--------------+------------+----------+
| |RTL Partition |Replication |Instances |
+-+--------------+------------+----------+
+-+--------------+------------+----------+
---------------------------------------------------------------------------------
Start IO Insertion
---------------------------------------------------------------------------------
---------------------------------------------------------------------------------
Start Flattening Before IO Insertion
---------------------------------------------------------------------------------
---------------------------------------------------------------------------------
Finished Flattening Before IO Insertion
---------------------------------------------------------------------------------
---------------------------------------------------------------------------------
Start Final Netlist Cleanup
---------------------------------------------------------------------------------
---------------------------------------------------------------------------------
Finished Final Netlist Cleanup
---------------------------------------------------------------------------------
WARNING: [Synth 8-5396] Clock pin C has keep related attribute (keep/mark_debug/dont_touch) which could create extra logic on its net [/home/quangnd12/Migen/fpga_lab/lab1/s005/build/top.v:71]
---------------------------------------------------------------------------------
Finished IO Insertion : Time (s): cpu = 00:00:31 ; elapsed = 00:00:36 . Memory (MB): peak = 1840.484 ; gain = 518.953 ; free physical = 128 ; free virtual = 6771
---------------------------------------------------------------------------------

Report Check Netlist: 
+------+------------------+-------+---------+-------+------------------+
|      |Item              |Errors |Warnings |Status |Description       |
+------+------------------+-------+---------+-------+------------------+
|1     |multi_driven_nets |      0|        0|Passed |Multi driven nets |
+------+------------------+-------+---------+-------+------------------+
---------------------------------------------------------------------------------
Start Renaming Generated Instances
---------------------------------------------------------------------------------
---------------------------------------------------------------------------------
Finished Renaming Generated Instances : Time (s): cpu = 00:00:31 ; elapsed = 00:00:36 . Memory (MB): peak = 1840.484 ; gain = 518.953 ; free physical = 128 ; free virtual = 6771
---------------------------------------------------------------------------------

Report RTL Partitions: 
+-+--------------+------------+----------+
| |RTL Partition |Replication |Instances |
+-+--------------+------------+----------+
+-+--------------+------------+----------+
---------------------------------------------------------------------------------
Start Rebuilding User Hierarchy
---------------------------------------------------------------------------------
---------------------------------------------------------------------------------
Finished Rebuilding User Hierarchy : Time (s): cpu = 00:00:31 ; elapsed = 00:00:36 . Memory (MB): peak = 1840.484 ; gain = 518.953 ; free physical = 128 ; free virtual = 6771
---------------------------------------------------------------------------------
---------------------------------------------------------------------------------
Start Renaming Generated Ports
---------------------------------------------------------------------------------
---------------------------------------------------------------------------------
Finished Renaming Generated Ports : Time (s): cpu = 00:00:32 ; elapsed = 00:00:36 . Memory (MB): peak = 1840.484 ; gain = 518.953 ; free physical = 128 ; free virtual = 6771
---------------------------------------------------------------------------------
---------------------------------------------------------------------------------
Start Handling Custom Attributes
---------------------------------------------------------------------------------
---------------------------------------------------------------------------------
Finished Handling Custom Attributes : Time (s): cpu = 00:00:32 ; elapsed = 00:00:36 . Memory (MB): peak = 1840.484 ; gain = 518.953 ; free physical = 128 ; free virtual = 6771
---------------------------------------------------------------------------------
---------------------------------------------------------------------------------
Start Renaming Generated Nets
---------------------------------------------------------------------------------
---------------------------------------------------------------------------------
Finished Renaming Generated Nets : Time (s): cpu = 00:00:32 ; elapsed = 00:00:36 . Memory (MB): peak = 1840.484 ; gain = 518.953 ; free physical = 128 ; free virtual = 6771
---------------------------------------------------------------------------------
---------------------------------------------------------------------------------
Start Writing Synthesis Report
---------------------------------------------------------------------------------

Report BlackBoxes: 
+-+--------------+----------+
| |BlackBox name |Instances |
+-+--------------+----------+
+-+--------------+----------+

Report Cell Usage: 
+------+-------+------+
|      |Cell   |Count |
+------+-------+------+
|1     |BUFG   |     1|
|2     |CARRY4 |    24|
|3     |LUT1   |     3|
|4     |LUT4   |    12|
|5     |LUT5   |   108|
|6     |FDRE   |   100|
|7     |IBUF   |     1|
|8     |OBUF   |     3|
+------+-------+------+

Report Instance Areas: 
+------+---------+-------+------+
|      |Instance |Module |Cells |
+------+---------+-------+------+
|1     |top      |       |   252|
+------+---------+-------+------+
---------------------------------------------------------------------------------
Finished Writing Synthesis Report : Time (s): cpu = 00:00:32 ; elapsed = 00:00:36 . Memory (MB): peak = 1840.484 ; gain = 518.953 ; free physical = 128 ; free virtual = 6771
---------------------------------------------------------------------------------
Synthesis finished with 0 errors, 0 critical warnings and 1 warnings.
Synthesis Optimization Runtime : Time (s): cpu = 00:00:22 ; elapsed = 00:00:25 . Memory (MB): peak = 1840.484 ; gain = 121.750 ; free physical = 181 ; free virtual = 6824
Synthesis Optimization Complete : Time (s): cpu = 00:00:32 ; elapsed = 00:00:37 . Memory (MB): peak = 1840.484 ; gain = 518.953 ; free physical = 181 ; free virtual = 6824
INFO: [Project 1-571] Translating synthesized netlist
INFO: [Netlist 29-17] Analyzing 24 Unisim elements for replacement
INFO: [Netlist 29-28] Unisim Transformation completed in 0 CPU seconds
INFO: [Project 1-570] Preparing netlist for logic optimization
Parsing XDC File [/home/quangnd12/Migen/fpga_lab/lab1/s005/build/top.xdc]
CRITICAL WARNING: [Common 17-69] Command failed: 'N16' is not a valid site or package pin name. [/home/quangnd12/Migen/fpga_lab/lab1/s005/build/top.xdc:5]
CRITICAL WARNING: [Common 17-69] Command failed: 'R11' is not a valid site or package pin name. [/home/quangnd12/Migen/fpga_lab/lab1/s005/build/top.xdc:9]
CRITICAL WARNING: [Vivado 12-1815] Setting property 'IOSTANDARD' is not allowed for GT terminals. [/home/quangnd12/Migen/fpga_lab/lab1/s005/build/top.xdc:18]
WARNING: [Vivado 12-1023] No nets matched for command 'get_nets -hierarchical -filter {mr_ff == TRUE}'. [/home/quangnd12/Migen/fpga_lab/lab1/s005/build/top.xdc:36]
WARNING: [Vivado 12-180] No cells matched 'get_cells -hierarchical -filter {ars_ff1 == TRUE || ars_ff2 == TRUE}'. [/home/quangnd12/Migen/fpga_lab/lab1/s005/build/top.xdc:38]
WARNING: [Vivado 12-508] No pins matched 'get_pins -filter {REF_PIN_NAME == PRE} -of_objects [get_cells -hierarchical -filter {ars_ff1 == TRUE || ars_ff2 == TRUE}]'. [/home/quangnd12/Migen/fpga_lab/lab1/s005/build/top.xdc:38]
WARNING: [Vivado 12-180] No cells matched 'get_cells -hierarchical -filter {ars_ff1 == TRUE}'. [/home/quangnd12/Migen/fpga_lab/lab1/s005/build/top.xdc:40]
WARNING: [Vivado 12-508] No pins matched 'get_pins -filter {REF_PIN_NAME == C} -of_objects [get_cells -hierarchical -filter {ars_ff1 == TRUE}]'. [/home/quangnd12/Migen/fpga_lab/lab1/s005/build/top.xdc:40]
WARNING: [Vivado 12-180] No cells matched 'get_cells -hierarchical -filter {ars_ff2 == TRUE}'. [/home/quangnd12/Migen/fpga_lab/lab1/s005/build/top.xdc:40]
WARNING: [Vivado 12-508] No pins matched 'get_pins -filter {REF_PIN_NAME == D} -of_objects [get_cells -hierarchical -filter {ars_ff2 == TRUE}]'. [/home/quangnd12/Migen/fpga_lab/lab1/s005/build/top.xdc:40]
Finished Parsing XDC File [/home/quangnd12/Migen/fpga_lab/lab1/s005/build/top.xdc]
INFO: [Opt 31-138] Pushed 0 inverter(s) to 0 load pin(s).
Netlist sorting complete. Time (s): cpu = 00:00:00 ; elapsed = 00:00:00 . Memory (MB): peak = 1840.484 ; gain = 0.000 ; free physical = 126 ; free virtual = 6771
INFO: [Project 1-111] Unisim Transformation Summary:
No Unisim elements were transformed.

INFO: [Common 17-83] Releasing license: Synthesis
28 Infos, 15 Warnings, 3 Critical Warnings and 0 Errors encountered.
synth_design completed successfully
synth_design: Time (s): cpu = 00:00:35 ; elapsed = 00:00:39 . Memory (MB): peak = 1840.484 ; gain = 526.957 ; free physical = 182 ; free virtual = 6827
# report_timing_summary -file top_timing_synth.rpt
INFO: [Timing 38-35] Done setting XDC timing constraints.
INFO: [Timing 38-91] UpdateTimingParams: Speed grade: -2, Delay Type: min_max.
INFO: [Timing 38-191] Multithreading enabled for timing update using a maximum of 8 CPUs
report_timing_summary: Time (s): cpu = 00:00:06 ; elapsed = 00:00:07 . Memory (MB): peak = 2239.879 ; gain = 399.395 ; free physical = 123 ; free virtual = 6424
# report_utilization -hierarchical -file top_utilization_hierarchical_synth.rpt
# report_utilization -file top_utilization_synth.rpt
# opt_design -directive default
Command: opt_design -directive default
INFO: [Vivado_Tcl 4-136] Directive used for opt_design is: default
Attempting to get a license for feature 'Implementation' and/or device 'xc7k325t'
INFO: [Common 17-349] Got license for feature 'Implementation' and/or device 'xc7k325t'
INFO: [Common 17-1223] The version limit for your license is '2022.05' and will expire in 12 days. A version limit expiration means that, although you may be able to continue to use the current version of tools or IP with this license, you will not be eligible for any updates or new releases.
Running DRC as a precondition to command opt_design

Starting DRC Task
INFO: [DRC 23-27] Running DRC with 8 threads
INFO: [Project 1-461] DRC finished with 0 Errors
INFO: [Project 1-462] Please refer to the DRC report (report_drc) for more information.

Time (s): cpu = 00:00:02 ; elapsed = 00:00:02 . Memory (MB): peak = 2331.910 ; gain = 91.031 ; free physical = 249 ; free virtual = 6529

Starting Cache Timing Information Task
Ending Cache Timing Information Task | Checksum: 12b65535e

Time (s): cpu = 00:00:00 ; elapsed = 00:00:00.01 . Memory (MB): peak = 2331.910 ; gain = 0.000 ; free physical = 246 ; free virtual = 6527

Starting Logic Optimization Task

Phase 1 Retarget
INFO: [Opt 31-138] Pushed 0 inverter(s) to 0 load pin(s).
INFO: [Opt 31-49] Retargeted 0 cell(s).
Phase 1 Retarget | Checksum: 12b65535e

Time (s): cpu = 00:00:00.06 ; elapsed = 00:00:00.15 . Memory (MB): peak = 2340.895 ; gain = 0.000 ; free physical = 530 ; free virtual = 6821
INFO: [Opt 31-389] Phase Retarget created 0 cells and removed 0 cells
INFO: [Opt 31-1021] In phase Retarget, 1 netlist objects are constrained preventing optimization. Please run opt_design with -debug_log to get more detail. 

Phase 2 Constant propagation
INFO: [Opt 31-138] Pushed 0 inverter(s) to 0 load pin(s).
Phase 2 Constant propagation | Checksum: 12b65535e

Time (s): cpu = 00:00:00.07 ; elapsed = 00:00:00.17 . Memory (MB): peak = 2340.895 ; gain = 0.000 ; free physical = 530 ; free virtual = 6821
INFO: [Opt 31-389] Phase Constant propagation created 0 cells and removed 0 cells

Phase 3 Sweep
Phase 3 Sweep | Checksum: 186c19989

Time (s): cpu = 00:00:00.08 ; elapsed = 00:00:00.18 . Memory (MB): peak = 2340.895 ; gain = 0.000 ; free physical = 530 ; free virtual = 6820
INFO: [Opt 31-389] Phase Sweep created 0 cells and removed 0 cells
INFO: [Opt 31-1021] In phase Sweep, 2 netlist objects are constrained preventing optimization. Please run opt_design with -debug_log to get more detail. 

Phase 4 BUFG optimization
Phase 4 BUFG optimization | Checksum: 186c19989

Time (s): cpu = 00:00:00.09 ; elapsed = 00:00:00.19 . Memory (MB): peak = 2340.895 ; gain = 0.000 ; free physical = 530 ; free virtual = 6820
INFO: [Opt 31-662] Phase BUFG optimization created 0 cells of which 0 are BUFGs and removed 0 cells.
INFO: [Opt 31-1021] In phase BUFG optimization, 1 netlist objects are constrained preventing optimization. Please run opt_design with -debug_log to get more detail. 

Phase 5 Shift Register Optimization
Phase 5 Shift Register Optimization | Checksum: 183451c8b

Time (s): cpu = 00:00:00.22 ; elapsed = 00:00:00.39 . Memory (MB): peak = 2340.895 ; gain = 0.000 ; free physical = 529 ; free virtual = 6820
INFO: [Opt 31-389] Phase Shift Register Optimization created 0 cells and removed 0 cells

Phase 6 Post Processing Netlist
Phase 6 Post Processing Netlist | Checksum: 183451c8b

Time (s): cpu = 00:00:00.22 ; elapsed = 00:00:00.40 . Memory (MB): peak = 2340.895 ; gain = 0.000 ; free physical = 529 ; free virtual = 6820
INFO: [Opt 31-389] Phase Post Processing Netlist created 0 cells and removed 0 cells
Opt_design Change Summary
=========================


-------------------------------------------------------------------------------------------------------------------------
|  Phase                        |  #Cells created  |  #Cells Removed  |  #Constrained objects preventing optimizations  |
-------------------------------------------------------------------------------------------------------------------------
|  Retarget                     |               0  |               0  |                                              1  |
|  Constant propagation         |               0  |               0  |                                              0  |
|  Sweep                        |               0  |               0  |                                              2  |
|  BUFG optimization            |               0  |               0  |                                              1  |
|  Shift Register Optimization  |               0  |               0  |                                              0  |
|  Post Processing Netlist      |               0  |               0  |                                              0  |
-------------------------------------------------------------------------------------------------------------------------



Starting Connectivity Check Task

Time (s): cpu = 00:00:00 ; elapsed = 00:00:00 . Memory (MB): peak = 2340.895 ; gain = 0.000 ; free physical = 529 ; free virtual = 6820
Ending Logic Optimization Task | Checksum: 183451c8b

Time (s): cpu = 00:00:00.23 ; elapsed = 00:00:00.40 . Memory (MB): peak = 2340.895 ; gain = 0.000 ; free physical = 529 ; free virtual = 6820

Starting Power Optimization Task
INFO: [Pwropt 34-132] Skipping clock gating for clocks with a period < 2.00 ns.
Ending Power Optimization Task | Checksum: 183451c8b

Time (s): cpu = 00:00:00.02 ; elapsed = 00:00:00.03 . Memory (MB): peak = 2340.895 ; gain = 0.000 ; free physical = 529 ; free virtual = 6820

Starting Final Cleanup Task
Ending Final Cleanup Task | Checksum: 183451c8b

Time (s): cpu = 00:00:00 ; elapsed = 00:00:00 . Memory (MB): peak = 2340.895 ; gain = 0.000 ; free physical = 529 ; free virtual = 6820

Starting Netlist Obfuscation Task
Netlist sorting complete. Time (s): cpu = 00:00:00 ; elapsed = 00:00:00 . Memory (MB): peak = 2340.895 ; gain = 0.000 ; free physical = 529 ; free virtual = 6820
Ending Netlist Obfuscation Task | Checksum: 183451c8b

Time (s): cpu = 00:00:00 ; elapsed = 00:00:00 . Memory (MB): peak = 2340.895 ; gain = 0.000 ; free physical = 529 ; free virtual = 6820
INFO: [Common 17-83] Releasing license: Implementation
20 Infos, 0 Warnings, 0 Critical Warnings and 0 Errors encountered.
opt_design completed successfully
# place_design -directive default
Command: place_design -directive default
Attempting to get a license for feature 'Implementation' and/or device 'xc7k325t'
INFO: [Common 17-349] Got license for feature 'Implementation' and/or device 'xc7k325t'
INFO: [Common 17-1223] The version limit for your license is '2022.05' and will expire in 12 days. A version limit expiration means that, although you may be able to continue to use the current version of tools or IP with this license, you will not be eligible for any updates or new releases.
INFO: [DRC 23-27] Running DRC with 8 threads
INFO: [Vivado_Tcl 4-198] DRC finished with 0 Errors
INFO: [Vivado_Tcl 4-199] Please refer to the DRC report (report_drc) for more information.
Running DRC as a precondition to command place_design
INFO: [DRC 23-27] Running DRC with 8 threads
INFO: [Vivado_Tcl 4-198] DRC finished with 0 Errors
INFO: [Vivado_Tcl 4-199] Please refer to the DRC report (report_drc) for more information.

Starting Placer Task
INFO: [Place 46-5] The placer was invoked with the 'default' directive.
INFO: [Place 30-611] Multithreading enabled for place_design using a maximum of 8 CPUs

Phase 1 Placer Initialization

Phase 1.1 Placer Initialization Netlist Sorting
Netlist sorting complete. Time (s): cpu = 00:00:00 ; elapsed = 00:00:00 . Memory (MB): peak = 2372.910 ; gain = 0.000 ; free physical = 506 ; free virtual = 6812
Phase 1.1 Placer Initialization Netlist Sorting | Checksum: c85ba415

Time (s): cpu = 00:00:00.02 ; elapsed = 00:00:00.19 . Memory (MB): peak = 2372.910 ; gain = 0.000 ; free physical = 506 ; free virtual = 6812
Netlist sorting complete. Time (s): cpu = 00:00:00 ; elapsed = 00:00:00 . Memory (MB): peak = 2372.910 ; gain = 0.000 ; free physical = 506 ; free virtual = 6812

Phase 1.2 IO Placement/ Clock Placement/ Build Placer Device
INFO: [Timing 38-35] Done setting XDC timing constraints.
ERROR: [Place 30-574] Poor placement for routing between an IO pin and BUFG. If this sub optimal condition is acceptable for this design, you may use the CLOCK_DEDICATED_ROUTE constraint in the .xdc file to demote this message to a WARNING. However, the use of this override is highly discouraged. These examples can be used directly in the .xdc file to override this clock rule.
	< set_property CLOCK_DEDICATED_ROUTE FALSE [get_nets clk100_IBUF] >

	clk100_IBUF_inst (IBUF.O) is locked to IPAD_X1Y96
	clk100_IBUF_BUFG_inst (BUFG.I) is provisionally placed by clockplacer on BUFGCTRL_X0Y31
Resolution: Poor placement of an IO pin and a BUFG has resulted in the router using a non-dedicated path between the two.  There are several things that could trigger this DRC, each of which can cause unpredictable clock insertion delays that result in poor timing.  This DRC could be caused by any of the following: (a) a clock port was placed on a pin that is not a CCIO-pin (b)the BUFG has not been placed in the same half of the device or SLR as the CCIO-pin (c) a single ended clock has been placed on the N-Side of a differential pair CCIO-pin.
Phase 1.2 IO Placement/ Clock Placement/ Build Placer Device | Checksum: bf91c147

Time (s): cpu = 00:00:03 ; elapsed = 00:00:02 . Memory (MB): peak = 2396.922 ; gain = 24.012 ; free physical = 483 ; free virtual = 6802
Phase 1 Placer Initialization | Checksum: bf91c147

Time (s): cpu = 00:00:03 ; elapsed = 00:00:02 . Memory (MB): peak = 2396.922 ; gain = 24.012 ; free physical = 483 ; free virtual = 6802
ERROR: [Place 30-99] Placer failed with error: 'IO Clock Placer failed'
Please review all ERROR, CRITICAL WARNING, and WARNING messages during placement to understand the cause for failure.
Ending Placer Task | Checksum: bf91c147

Time (s): cpu = 00:00:03 ; elapsed = 00:00:02 . Memory (MB): peak = 2396.922 ; gain = 24.012 ; free physical = 490 ; free virtual = 6809
INFO: [Common 17-83] Releasing license: Implementation
12 Infos, 0 Warnings, 0 Critical Warnings and 3 Errors encountered.
place_design failed
ERROR: [Common 17-69] Command failed: Placer could not place all instances
INFO: [Common 17-206] Exiting Vivado at Thu May 19 20:10:59 2022...
